ERROR:root:Thu Mar 21 13:04:40 2024 [JSON_PARSER FAILED] data.json NOT FOUND
ERROR:root:Thu Mar 21 13:04:42 2024 [JSON_PARSER FAILED] data.json NOT FOUND
ERROR:root:Thu Mar 21 14:09:29 2024 [JSON_PARSER FAILED] desc KEY ERROR
ERROR:root:Thu Mar 21 14:09:29 2024 [JSON_PARSER FAILED] deviceGroupId KEY ERROR
ERROR:root:Thu Mar 21 14:09:29 2024 [JSON_PARSER FAILED] envAttr KEY ERROR
ERROR:root:Thu Mar 21 14:09:29 2024 [JSON_PARSER FAILED] eventId KEY ERROR
ERROR:root:Thu Mar 21 14:09:29 2024 [JSON_PARSER FAILED] eventName KEY ERROR
ERROR:root:Thu Mar 21 14:09:29 2024 [JSON_PARSER FAILED] eventTypeId KEY ERROR
ERROR:root:Thu Mar 21 14:09:29 2024 [JSON_PARSER FAILED] projectId KEY ERROR
ERROR:root:Thu Mar 21 14:09:29 2024 [JSON_PARSER FAILED] screenDirect KEY ERROR
ERROR:root:Thu Mar 21 14:09:29 2024 [JSON_PARSER FAILED] sessionId KEY ERROR
ERROR:root:Thu Mar 21 14:09:29 2024 [JSON_PARSER FAILED] userId KEY ERROR
ERROR:root:Thu Mar 21 14:09:29 2024 [JSON_PARSER FAILED] interactionAttr KEY ERROR
ERROR:root:Thu Mar 21 14:09:29 2024 [JSON_PARSER FAILED] pageAttr KEY ERROR
ERROR:root:Thu Mar 21 14:09:29 2024 [JSON_PARSER FAILED] performanceAttr KEY ERROR
ERROR:root:Thu Mar 21 14:09:32 2024 [JSON_PARSER FAILED] desc KEY ERROR
ERROR:root:Thu Mar 21 14:09:32 2024 [JSON_PARSER FAILED] deviceGroupId KEY ERROR
ERROR:root:Thu Mar 21 14:09:32 2024 [JSON_PARSER FAILED] envAttr KEY ERROR
ERROR:root:Thu Mar 21 14:09:32 2024 [JSON_PARSER FAILED] eventId KEY ERROR
ERROR:root:Thu Mar 21 14:09:32 2024 [JSON_PARSER FAILED] eventName KEY ERROR
ERROR:root:Thu Mar 21 14:09:32 2024 [JSON_PARSER FAILED] eventTypeId KEY ERROR
ERROR:root:Thu Mar 21 14:09:32 2024 [JSON_PARSER FAILED] projectId KEY ERROR
ERROR:root:Thu Mar 21 14:09:32 2024 [JSON_PARSER FAILED] screenDirect KEY ERROR
ERROR:root:Thu Mar 21 14:09:32 2024 [JSON_PARSER FAILED] sessionId KEY ERROR
ERROR:root:Thu Mar 21 14:09:32 2024 [JSON_PARSER FAILED] userId KEY ERROR
ERROR:root:Thu Mar 21 14:09:32 2024 [JSON_PARSER FAILED] interactionAttr KEY ERROR
ERROR:root:Thu Mar 21 14:09:32 2024 [JSON_PARSER FAILED] pageAttr KEY ERROR
ERROR:root:Thu Mar 21 14:09:32 2024 [JSON_PARSER FAILED] performanceAttr KEY ERROR
ERROR:root:Thu Mar 21 14:10:43 2024 [JSON_PARSER FAILED] desc KEY ERROR
ERROR:root:Thu Mar 21 14:10:43 2024 [JSON_PARSER FAILED] deviceGroupId KEY ERROR
ERROR:root:Thu Mar 21 14:10:43 2024 [JSON_PARSER FAILED] envAttr KEY ERROR
ERROR:root:Thu Mar 21 14:10:43 2024 [JSON_PARSER FAILED] eventId KEY ERROR
ERROR:root:Thu Mar 21 14:10:43 2024 [JSON_PARSER FAILED] eventName KEY ERROR
ERROR:root:Thu Mar 21 14:10:43 2024 [JSON_PARSER FAILED] eventTypeId KEY ERROR
ERROR:root:Thu Mar 21 14:10:43 2024 [JSON_PARSER FAILED] projectId KEY ERROR
ERROR:root:Thu Mar 21 14:10:43 2024 [JSON_PARSER FAILED] screenDirect KEY ERROR
ERROR:root:Thu Mar 21 14:10:43 2024 [JSON_PARSER FAILED] sessionId KEY ERROR
ERROR:root:Thu Mar 21 14:10:43 2024 [JSON_PARSER FAILED] userId KEY ERROR
ERROR:root:Thu Mar 21 14:10:43 2024 [JSON_PARSER FAILED] interactionAttr KEY ERROR
ERROR:root:Thu Mar 21 14:10:43 2024 [JSON_PARSER FAILED] pageAttr KEY ERROR
ERROR:root:Thu Mar 21 14:10:43 2024 [JSON_PARSER FAILED] performanceAttr KEY ERROR
ERROR:root:Thu Mar 21 14:10:53 2024 [JSON_PARSER FAILED] desc KEY ERROR
ERROR:root:Thu Mar 21 14:10:53 2024 [JSON_PARSER FAILED] deviceGroupId KEY ERROR
ERROR:root:Thu Mar 21 14:10:53 2024 [JSON_PARSER FAILED] envAttr KEY ERROR
ERROR:root:Thu Mar 21 14:10:53 2024 [JSON_PARSER FAILED] eventId KEY ERROR
ERROR:root:Thu Mar 21 14:10:53 2024 [JSON_PARSER FAILED] eventName KEY ERROR
ERROR:root:Thu Mar 21 14:10:53 2024 [JSON_PARSER FAILED] eventTypeId KEY ERROR
ERROR:root:Thu Mar 21 14:10:53 2024 [JSON_PARSER FAILED] projectId KEY ERROR
ERROR:root:Thu Mar 21 14:10:53 2024 [JSON_PARSER FAILED] screenDirect KEY ERROR
ERROR:root:Thu Mar 21 14:10:53 2024 [JSON_PARSER FAILED] sessionId KEY ERROR
ERROR:root:Thu Mar 21 14:10:53 2024 [JSON_PARSER FAILED] userId KEY ERROR
ERROR:root:Thu Mar 21 14:10:53 2024 [JSON_PARSER FAILED] interactionAttr KEY ERROR
ERROR:root:Thu Mar 21 14:10:53 2024 [JSON_PARSER FAILED] pageAttr KEY ERROR
ERROR:root:Thu Mar 21 14:10:53 2024 [JSON_PARSER FAILED] performanceAttr KEY ERROR
ERROR:root:Thu Mar 21 14:11:13 2024 [JSON_PARSER FAILED] desc KEY ERROR
ERROR:root:Thu Mar 21 14:11:13 2024 [JSON_PARSER FAILED] deviceGroupId KEY ERROR
ERROR:root:Thu Mar 21 14:11:13 2024 [JSON_PARSER FAILED] envAttr KEY ERROR
ERROR:root:Thu Mar 21 14:11:13 2024 [JSON_PARSER FAILED] eventId KEY ERROR
ERROR:root:Thu Mar 21 14:11:13 2024 [JSON_PARSER FAILED] eventName KEY ERROR
ERROR:root:Thu Mar 21 14:11:13 2024 [JSON_PARSER FAILED] eventTypeId KEY ERROR
ERROR:root:Thu Mar 21 14:11:13 2024 [JSON_PARSER FAILED] projectId KEY ERROR
ERROR:root:Thu Mar 21 14:11:13 2024 [JSON_PARSER FAILED] screenDirect KEY ERROR
ERROR:root:Thu Mar 21 14:11:13 2024 [JSON_PARSER FAILED] sessionId KEY ERROR
ERROR:root:Thu Mar 21 14:11:13 2024 [JSON_PARSER FAILED] userId KEY ERROR
ERROR:root:Thu Mar 21 14:11:13 2024 [JSON_PARSER FAILED] interactionAttr KEY ERROR
ERROR:root:Thu Mar 21 14:11:13 2024 [JSON_PARSER FAILED] pageAttr KEY ERROR
ERROR:root:Thu Mar 21 14:11:13 2024 [JSON_PARSER FAILED] performanceAttr KEY ERROR
ERROR:root:Thu Mar 21 14:11:22 2024 [JSON_PARSER FAILED] desc KEY ERROR
ERROR:root:Thu Mar 21 14:11:22 2024 [JSON_PARSER FAILED] deviceGroupId KEY ERROR
ERROR:root:Thu Mar 21 14:11:22 2024 [JSON_PARSER FAILED] envAttr KEY ERROR
ERROR:root:Thu Mar 21 14:11:22 2024 [JSON_PARSER FAILED] eventId KEY ERROR
ERROR:root:Thu Mar 21 14:11:22 2024 [JSON_PARSER FAILED] eventName KEY ERROR
ERROR:root:Thu Mar 21 14:11:22 2024 [JSON_PARSER FAILED] eventTypeId KEY ERROR
ERROR:root:Thu Mar 21 14:11:22 2024 [JSON_PARSER FAILED] projectId KEY ERROR
ERROR:root:Thu Mar 21 14:11:22 2024 [JSON_PARSER FAILED] screenDirect KEY ERROR
ERROR:root:Thu Mar 21 14:11:22 2024 [JSON_PARSER FAILED] sessionId KEY ERROR
ERROR:root:Thu Mar 21 14:11:22 2024 [JSON_PARSER FAILED] userId KEY ERROR
ERROR:root:Thu Mar 21 14:11:22 2024 [JSON_PARSER FAILED] interactionAttr KEY ERROR
ERROR:root:Thu Mar 21 14:11:22 2024 [JSON_PARSER FAILED] pageAttr KEY ERROR
ERROR:root:Thu Mar 21 14:11:22 2024 [JSON_PARSER FAILED] performanceAttr KEY ERROR
ERROR:root:Thu Mar 21 14:11:38 2024 [JSON_PARSER FAILED] desc KEY ERROR
ERROR:root:Thu Mar 21 14:11:38 2024 [JSON_PARSER FAILED] deviceGroupId KEY ERROR
ERROR:root:Thu Mar 21 14:11:38 2024 [JSON_PARSER FAILED] envAttr KEY ERROR
ERROR:root:Thu Mar 21 14:11:38 2024 [JSON_PARSER FAILED] eventId KEY ERROR
ERROR:root:Thu Mar 21 14:11:38 2024 [JSON_PARSER FAILED] eventName KEY ERROR
ERROR:root:Thu Mar 21 14:11:38 2024 [JSON_PARSER FAILED] eventTypeId KEY ERROR
ERROR:root:Thu Mar 21 14:11:38 2024 [JSON_PARSER FAILED] projectId KEY ERROR
ERROR:root:Thu Mar 21 14:11:38 2024 [JSON_PARSER FAILED] screenDirect KEY ERROR
ERROR:root:Thu Mar 21 14:11:38 2024 [JSON_PARSER FAILED] sessionId KEY ERROR
ERROR:root:Thu Mar 21 14:11:38 2024 [JSON_PARSER FAILED] userId KEY ERROR
ERROR:root:Thu Mar 21 14:11:38 2024 [JSON_PARSER FAILED] interactionAttr KEY ERROR
ERROR:root:Thu Mar 21 14:11:38 2024 [JSON_PARSER FAILED] pageAttr KEY ERROR
ERROR:root:Thu Mar 21 14:11:38 2024 [JSON_PARSER FAILED] performanceAttr KEY ERROR
ERROR:root:Thu Mar 21 14:12:15 2024 [JSON_PARSER FAILED] desc KEY ERROR
ERROR:root:Thu Mar 21 14:12:15 2024 [JSON_PARSER FAILED] deviceGroupId KEY ERROR
ERROR:root:Thu Mar 21 14:12:15 2024 [JSON_PARSER FAILED] envAttr KEY ERROR
ERROR:root:Thu Mar 21 14:12:15 2024 [JSON_PARSER FAILED] eventId KEY ERROR
ERROR:root:Thu Mar 21 14:12:15 2024 [JSON_PARSER FAILED] eventName KEY ERROR
ERROR:root:Thu Mar 21 14:12:15 2024 [JSON_PARSER FAILED] eventTypeId KEY ERROR
ERROR:root:Thu Mar 21 14:12:15 2024 [JSON_PARSER FAILED] projectId KEY ERROR
ERROR:root:Thu Mar 21 14:12:15 2024 [JSON_PARSER FAILED] screenDirect KEY ERROR
ERROR:root:Thu Mar 21 14:12:15 2024 [JSON_PARSER FAILED] sessionId KEY ERROR
ERROR:root:Thu Mar 21 14:12:15 2024 [JSON_PARSER FAILED] userId KEY ERROR
ERROR:root:Thu Mar 21 14:12:15 2024 [JSON_PARSER FAILED] interactionAttr KEY ERROR
ERROR:root:Thu Mar 21 14:12:15 2024 [JSON_PARSER FAILED] pageAttr KEY ERROR
ERROR:root:Thu Mar 21 14:12:15 2024 [JSON_PARSER FAILED] performanceAttr KEY ERROR
ERROR:root:Thu Mar 21 14:12:42 2024 [JSON_PARSER FAILED] desc KEY ERROR
ERROR:root:Thu Mar 21 14:12:42 2024 [JSON_PARSER FAILED] deviceGroupId KEY ERROR
ERROR:root:Thu Mar 21 14:12:42 2024 [JSON_PARSER FAILED] envAttr KEY ERROR
ERROR:root:Thu Mar 21 14:12:42 2024 [JSON_PARSER FAILED] eventId KEY ERROR
ERROR:root:Thu Mar 21 14:12:42 2024 [JSON_PARSER FAILED] eventName KEY ERROR
ERROR:root:Thu Mar 21 14:12:42 2024 [JSON_PARSER FAILED] eventTypeId KEY ERROR
ERROR:root:Thu Mar 21 14:12:42 2024 [JSON_PARSER FAILED] projectId KEY ERROR
ERROR:root:Thu Mar 21 14:12:42 2024 [JSON_PARSER FAILED] screenDirect KEY ERROR
ERROR:root:Thu Mar 21 14:12:42 2024 [JSON_PARSER FAILED] sessionId KEY ERROR
ERROR:root:Thu Mar 21 14:12:42 2024 [JSON_PARSER FAILED] userId KEY ERROR
ERROR:root:Thu Mar 21 14:12:42 2024 [JSON_PARSER FAILED] interactionAttr KEY ERROR
ERROR:root:Thu Mar 21 14:12:42 2024 [JSON_PARSER FAILED] pageAttr KEY ERROR
ERROR:root:Thu Mar 21 14:12:42 2024 [JSON_PARSER FAILED] performanceAttr KEY ERROR
ERROR:root:Thu Mar 21 15:15:53 2024 [JSON_PARSER FAILED] ./data/log2-new.json NOT FOUND
ERROR:root:Thu Mar 21 15:18:02 2024 [JSON_PARSER FAILED] ./data/log2-new.json NOT FOUND
ERROR:root:Thu Mar 21 15:18:25 2024 [JSON_PARSER FAILED] ./data/log2-new.json NOT FOUND
ERROR:root:Thu Mar 21 15:19:16 2024 [JSON_PARSER FAILED] ../data/log2-new.json NOT FOUND
ERROR:root:Fri Mar 22 11:16:23 2024 [[CalledProcessError]] RETURN CODE: 1
ERROR:root:Fri Mar 22 11:16:41 2024 [[CalledProcessError]] RETURN CODE: 1
ERROR:root:Fri Mar 22 11:16:49 2024 [[CalledProcessError]] RETURN CODE: 1
ERROR:root:Fri Mar 22 11:16:58 2024 [[CalledProcessError]] RETURN CODE: 1
ERROR:root:Fri Mar 22 11:17:31 2024 [[CalledProcessError]] RETURN CODE: 1
ERROR:root:Fri Mar 22 11:17:49 2024 [[CalledProcessError]] RETURN CODE: 1
ERROR:root:Fri Mar 22 11:18:00 2024 [[CalledProcessError]] RETURN CODE: 1
ERROR:root:Fri Mar 22 11:20:35 2024 [[CalledProcessError]] RETURN CODE: 1
ERROR:root:Fri Mar 22 11:20:47 2024 [[CalledProcessError]] RETURN CODE: 1
ERROR:root:Fri Mar 22 11:21:46 2024 [[CalledProcessError]] RETURN CODE: 1
ERROR:root:Fri Mar 22 11:21:53 2024 [[CalledProcessError]] RETURN CODE: 1
ERROR:root:Fri Mar 22 11:22:15 2024 [[CalledProcessError]] RETURN CODE: 1
ERROR:root:Fri Mar 22 11:30:20 2024 [[CalledProcessError]] RETURN CODE: 1
ERROR:root:Fri Mar 22 11:30:48 2024 [[CalledProcessError]] RETURN CODE: 1
ERROR:root:Fri Mar 22 11:31:00 2024 [[CalledProcessError]] RETURN CODE: 1
ERROR:root:Fri Mar 22 11:35:59 2024 [[CalledProcessError]] RETURN CODE: 1
ERROR:root:Fri Mar 22 11:36:14 2024 [[CalledProcessError]] RETURN CODE: 1
ERROR:root:Fri Mar 22 11:36:37 2024 [[CalledProcessError]] RETURN CODE: 1
ERROR:root:Fri Mar 22 11:37:35 2024 [[CalledProcessError]] RETURN CODE: 1
ERROR:root:Fri Mar 22 11:37:52 2024 [[CalledProcessError]] RETURN CODE: 1
ERROR:root:Fri Mar 22 14:33:49 2024 [[CalledProcessError]] RETURN CODE: 1
ERROR:root:Fri Mar 22 14:34:11 2024 [[CalledProcessError]] RETURN CODE: 1
ERROR:root:Fri Mar 22 14:34:22 2024 [[CalledProcessError]] RETURN CODE: 1
ERROR:root:Fri Mar 22 14:35:42 2024 [[CalledProcessError]] RETURN CODE: 1
ERROR:root:Fri Mar 22 14:35:57 2024 [[CalledProcessError]] RETURN CODE: 1
ERROR:root:Fri Mar 22 14:36:17 2024 [[CalledProcessError]] RETURN CODE: 1
ERROR:root:Fri Mar 22 14:37:14 2024 [[CalledProcessError]] RETURN CODE: 1
ERROR:root:Fri Mar 22 14:41:08 2024 [[CalledProcessError]] RETURN CODE: 1
ERROR:root:Fri Mar 22 14:41:52 2024 [[CalledProcessError]] RETURN CODE: 1
ERROR:root:Fri Mar 22 14:42:19 2024 [[CalledProcessError]] RETURN CODE: 1
ERROR:root:Fri Mar 22 14:42:41 2024 [[CalledProcessError]] RETURN CODE: 1
ERROR:root:Fri Mar 22 15:01:35 2024 [[CalledProcessError]] RETURN CODE: 1
ERROR:root:Fri Mar 22 15:01:55 2024 [[CalledProcessError]] RETURN CODE: 1
ERROR:root:Fri Mar 22 15:02:57 2024 [[CalledProcessError]] RETURN CODE: 1
ERROR:root:Fri Mar 22 15:15:22 2024 [[CalledProcessError]] RETURN CODE: 1
ERROR:root:Mon Mar 25 15:49:48 2024 [[CalledProcessError]] RETURN CODE: 1
ERROR:root:Mon Mar 25 15:51:58 2024 [[CalledProcessError]] RETURN CODE: 1
ERROR:root:Mon Mar 25 15:53:13 2024 [[CalledProcessError]] RETURN CODE: 1
ERROR:root:Mon Mar 25 15:54:47 2024 [[CalledProcessError]] RETURN CODE: 1
ERROR:root:Mon Mar 25 15:55:17 2024 [[CalledProcessError]] RETURN CODE: 1
ERROR:root:Mon Mar 25 15:59:23 2024 [[CalledProcessError]] RETURN CODE: 1
ERROR:root:Mon Mar 25 16:04:59 2024 [[JSON_LOAD_ERROR]] None
ERROR:root:Mon Mar 25 16:07:19 2024 [[JSON_LOAD_ERROR]] None
